<?xml version="1.0" encoding="UTF-8"?>
<!-- Generated by org.testng.reporters.JUnitReportReporter -->
<testsuite hostname="DESKTOP-JOKPPOG" failures="0" tests="1" name="TestRunner.RunnerTest" time="0.283" errors="0" timestamp="17 Jan 2024 06:31:22 GMT" skipped="0">
  <testcase classname="TestRunner.RunnerTest" name="runScenario" time="0.283"/>
</testsuite> <!-- TestRunner.RunnerTest -->
